<?xml version="1.0" encoding="utf-8" standalone="no"?>
<test-run id="2" testcasecount="14" result="Passed" total="0" passed="0" failed="0" inconclusive="0" skipped="0" asserts="0" engine-version="3.10.0.0" clr-version="4.0.30319.42000" start-time="2020-02-25 09:44:46Z" end-time="2020-02-25 09:44:47Z" duration="0.702401">
  <command-line><![CDATA[nunit3-console.exe  "D:\Personal\PageObjectModel_V5\Orange.HRM.Test\Orange.HRM.Test\bin\Debug\Orange.HRM.Test.dll" --where "method=="ValidateLogin,ValidateInvalidCredentials,ValidatePasswordCanNotBeEmpty,ValidateUserNameCanNotBeEmpty]]></command-line>
  <filter>
    <method>ValidateLogin,ValidateInvalidCredentials,ValidatePasswordCanNotBeEmpty,ValidateUserNameCanNotBeEmpty</method>
  </filter>
  <test-suite type="Assembly" id="0-1032" name="Orange.HRM.Test.dll" fullname="D:\Personal\PageObjectModel_V5\Orange.HRM.Test\Orange.HRM.Test\bin\Debug\Orange.HRM.Test.dll" runstate="Runnable" testcasecount="14" result="Passed" start-time="2020-02-25 09:44:47Z" end-time="2020-02-25 09:44:47Z" duration="0.008819" total="0" passed="0" failed="0" warnings="0" inconclusive="0" skipped="0" asserts="0">
    <environment framework-version="3.12.0.0" clr-version="4.0.30319.42000" os-version="Microsoft Windows NT 10.0.18362.0" platform="Win32NT" cwd="D:\Personal\PageObjectModel_V5\Orange.HRM.Test\packages\NUnit.ConsoleRunner.3.10.0\tools" machine-name="ANUJJ3150809" user="anujjain03" user-domain="NAGARRO" culture="en-US" uiculture="en-US" os-architecture="x64" />
    <settings>
      <setting name="DisposeRunners" value="True" />
      <setting name="WorkDirectory" value="D:\Personal\PageObjectModel_V5\Orange.HRM.Test\packages\NUnit.ConsoleRunner.3.10.0\tools" />
      <setting name="ImageRuntimeVersion" value="4.0.30319" />
      <setting name="ImageTargetFrameworkName" value=".NETFramework,Version=v4.7.2" />
      <setting name="ImageRequiresX86" value="False" />
      <setting name="ImageRequiresDefaultAppDomainAssemblyResolver" value="False" />
      <setting name="NumberOfTestWorkers" value="8" />
    </settings>
    <properties>
      <property name="_PID" value="107524" />
      <property name="_APPDOMAIN" value="domain-" />
    </properties>
  </test-suite>
</test-run>